Build started 3/22/2013 10:24:14 PM.
     1>Project "D:\Docs\Jamp\Jamp\Jamp\Jamp.vcxproj" on node 2 (Build target(s)).
     1>ClCompile:
         D:\Programs\Utilities\Visual Studio\VC\bin\CL.exe /c /I"D:\Docs\SFML 2.0\include\\" /ZI /nologo /W3 /WX- /Od /Oy- /D _MBCS /Gm /EHsc /RTC1 /MDd /GS /fp:precise /Zc:wchar_t /Zc:forScope /Fo"Debug\\" /Fd"Debug\vc110.pdb" /Gd /TP /analyze- /errorReport:prompt Jamp.cpp Jamp_OnCleanup.cpp Jamp_OnEvent.cpp Jamp_OnInit.cpp Jamp_OnLoop.cpp Jamp_OnRender.cpp
         Jamp_OnRender.cpp
         Jamp_OnLoop.cpp
         Jamp_OnInit.cpp
         Jamp_OnEvent.cpp
         Jamp_OnCleanup.cpp
         Jamp.cpp
         Generating Code...
       Link:
         D:\Programs\Utilities\Visual Studio\VC\bin\link.exe /ERRORREPORT:PROMPT /OUT:"D:\Docs\Jamp\Jamp\Debug\Jamp.exe" /INCREMENTAL /NOLOGO /LIBPATH:"D:\Docs\SFML 2.0\lib" "sfml-system-d.lib" "sfml-window-d.lib" "sfml-graphics-d.lib" kernel32.lib user32.lib gdi32.lib winspool.lib comdlg32.lib advapi32.lib shell32.lib ole32.lib oleaut32.lib uuid.lib odbc32.lib odbccp32.lib /MANIFEST /MANIFESTUAC:"level='asInvoker' uiAccess='false'" /manifest:embed /DEBUG /PDB:"D:\Docs\Jamp\Jamp\Debug\Jamp.pdb" /TLBID:1 /DYNAMICBASE /NXCOMPAT /IMPLIB:"D:\Docs\Jamp\Jamp\Debug\Jamp.lib" /MACHINE:X86 Debug\Jamp.obj
         Debug\Jamp_OnCleanup.obj
         Debug\Jamp_OnEvent.obj
         Debug\Jamp_OnInit.obj
         Debug\Jamp_OnLoop.obj
         Debug\Jamp_OnRender.obj
         Jamp.vcxproj -> D:\Docs\Jamp\Jamp\Debug\Jamp.exe
     1>Done Building Project "D:\Docs\Jamp\Jamp\Jamp\Jamp.vcxproj" (Build target(s)).

Build succeeded.

Time Elapsed 00:00:04.77
